<?xml version="1.0" encoding="UTF-8"?>
<!-- Generated by org.testng.reporters.JUnitXMLReporter -->
<testsuite ignored="1" hostname="ani-HP-EB" failures="2" tests="2" name="GeneralStore" time="40.822" errors="0" timestamp="2021-05-22T11:37:55 IST">
  <testcase classname="Pkg1.GeneralStore" name="Login" time="1.719">
    <failure type="org.openqa.selenium.WebDriverException" message="An unknown server-side error occurred while processing the command. Original error: Could not proxy command to the remote server. Original error: socket hang up
Build info: version: &amp;apos;3.141.59&amp;apos;, revision: &amp;apos;e82be7d358&amp;apos;, time: &amp;apos;2018-11-14T08:17:03&amp;apos;
System info: host: &amp;apos;ani-HP-EB&amp;apos;, ip: &amp;apos;127.0.1.1&amp;apos;, os.name: &amp;apos;Linux&amp;apos;, os.arch: &amp;apos;amd64&amp;apos;, os.version: &amp;apos;5.8.0-50-generic&amp;apos;, java.version: &amp;apos;11.0.10&amp;apos;
Driver info: io.appium.java_client.android.AndroidDriver
Capabilities {app: /home/ani/Downloads/General..., appPackage: com.androidsample.generalstore, automationName: uiautomator2, databaseEnabled: false, desired: {app: /home/ani/Downloads/General..., appPackage: com.androidsample.generalstore, automationName: uiautomator2, deviceName: emulator-5554, platformName: android, platformVersion: 10}, deviceApiLevel: 29, deviceManufacturer: Google, deviceModel: Android SDK built for x86, deviceName: emulator-5556, deviceScreenDensity: 240, deviceScreenSize: 480x800, deviceUDID: emulator-5556, javascriptEnabled: true, locationContextEnabled: false, networkConnectionEnabled: true, pixelRatio: 1.5, platform: LINUX, platformName: Android, platformVersion: 10, statBarHeight: 36, takesScreenshot: true, viewportRect: {height: 764, left: 0, top: 36, width: 480}, warnings: {}, webStorageEnabled: false}
Session ID: e02ff5e6-b714-4b31-9dc5-386ac5ee3fbc
*** Element info: {Using=id, value=android:id/text1}">
      <![CDATA[org.openqa.selenium.WebDriverException: An unknown server-side error occurred while processing the command. Original error: Could not proxy command to the remote server. Original error: socket hang up
Build info: version: '3.141.59', revision: 'e82be7d358', time: '2018-11-14T08:17:03'
System info: host: 'ani-HP-EB', ip: '127.0.1.1', os.name: 'Linux', os.arch: 'amd64', os.version: '5.8.0-50-generic', java.version: '11.0.10'
Driver info: io.appium.java_client.android.AndroidDriver
Capabilities {app: /home/ani/Downloads/General..., appPackage: com.androidsample.generalstore, automationName: uiautomator2, databaseEnabled: false, desired: {app: /home/ani/Downloads/General..., appPackage: com.androidsample.generalstore, automationName: uiautomator2, deviceName: emulator-5554, platformName: android, platformVersion: 10}, deviceApiLevel: 29, deviceManufacturer: Google, deviceModel: Android SDK built for x86, deviceName: emulator-5556, deviceScreenDensity: 240, deviceScreenSize: 480x800, deviceUDID: emulator-5556, javascriptEnabled: true, locationContextEnabled: false, networkConnectionEnabled: true, pixelRatio: 1.5, platform: LINUX, platformName: Android, platformVersion: 10, statBarHeight: 36, takesScreenshot: true, viewportRect: {height: 764, left: 0, top: 36, width: 480}, warnings: {}, webStorageEnabled: false}
Session ID: e02ff5e6-b714-4b31-9dc5-386ac5ee3fbc
*** Element info: {Using=id, value=android:id/text1}
at org.openqa.selenium.remote.http.W3CHttpResponseCodec.createException(W3CHttpResponseCodec.java:187)
at org.openqa.selenium.remote.http.W3CHttpResponseCodec.decode(W3CHttpResponseCodec.java:122)
at org.openqa.selenium.remote.http.W3CHttpResponseCodec.decode(W3CHttpResponseCodec.java:49)
at org.openqa.selenium.remote.HttpCommandExecutor.execute(HttpCommandExecutor.java:158)
at io.appium.java_client.remote.AppiumCommandExecutor.execute(AppiumCommandExecutor.java:239)
at org.openqa.selenium.remote.RemoteWebDriver.execute(RemoteWebDriver.java:552)
at io.appium.java_client.DefaultGenericMobileDriver.execute(DefaultGenericMobileDriver.java:42)
at io.appium.java_client.AppiumDriver.execute(AppiumDriver.java:1)
at io.appium.java_client.android.AndroidDriver.execute(AndroidDriver.java:1)
at org.openqa.selenium.remote.RemoteWebDriver.findElement(RemoteWebDriver.java:323)
at io.appium.java_client.DefaultGenericMobileDriver.findElement(DefaultGenericMobileDriver.java:62)
at io.appium.java_client.AppiumDriver.findElement(AppiumDriver.java:1)
at io.appium.java_client.android.AndroidDriver.findElement(AndroidDriver.java:1)
at org.openqa.selenium.remote.RemoteWebDriver.findElementById(RemoteWebDriver.java:372)
at io.appium.java_client.DefaultGenericMobileDriver.findElementById(DefaultGenericMobileDriver.java:70)
at io.appium.java_client.AppiumDriver.findElementById(AppiumDriver.java:1)
at io.appium.java_client.android.AndroidDriver.findElementById(AndroidDriver.java:1)
at Pkg1.GeneralStore.Login(GeneralStore.java:29)
at java.base/java.util.ArrayList.forEach(ArrayList.java:1541)
... Removed 31 stack frames]]>
    </failure>
  </testcase> <!-- Login -->
  <testcase classname="Pkg1.GeneralStore" name="Login" time="1.845">
    <failure type="org.openqa.selenium.WebDriverException" message="An unknown server-side error occurred while processing the command. Original error: Could not proxy command to the remote server. Original error: socket hang up
Build info: version: &amp;apos;3.141.59&amp;apos;, revision: &amp;apos;e82be7d358&amp;apos;, time: &amp;apos;2018-11-14T08:17:03&amp;apos;
System info: host: &amp;apos;ani-HP-EB&amp;apos;, ip: &amp;apos;127.0.1.1&amp;apos;, os.name: &amp;apos;Linux&amp;apos;, os.arch: &amp;apos;amd64&amp;apos;, os.version: &amp;apos;5.8.0-50-generic&amp;apos;, java.version: &amp;apos;11.0.10&amp;apos;
Driver info: io.appium.java_client.android.AndroidDriver
Capabilities {app: /home/ani/Downloads/General..., appPackage: com.androidsample.generalstore, automationName: uiautomator2, databaseEnabled: false, desired: {app: /home/ani/Downloads/General..., appPackage: com.androidsample.generalstore, automationName: uiautomator2, deviceName: emulator-5554, platformName: android, platformVersion: 10}, deviceApiLevel: 29, deviceManufacturer: Google, deviceModel: Android SDK built for x86, deviceName: emulator-5556, deviceScreenDensity: 240, deviceScreenSize: 480x800, deviceUDID: emulator-5556, javascriptEnabled: true, locationContextEnabled: false, networkConnectionEnabled: true, pixelRatio: 1.5, platform: LINUX, platformName: Android, platformVersion: 10, statBarHeight: 36, takesScreenshot: true, viewportRect: {height: 764, left: 0, top: 36, width: 480}, warnings: {}, webStorageEnabled: false}
Session ID: e02ff5e6-b714-4b31-9dc5-386ac5ee3fbc">
      <![CDATA[org.openqa.selenium.WebDriverException: An unknown server-side error occurred while processing the command. Original error: Could not proxy command to the remote server. Original error: socket hang up
Build info: version: '3.141.59', revision: 'e82be7d358', time: '2018-11-14T08:17:03'
System info: host: 'ani-HP-EB', ip: '127.0.1.1', os.name: 'Linux', os.arch: 'amd64', os.version: '5.8.0-50-generic', java.version: '11.0.10'
Driver info: io.appium.java_client.android.AndroidDriver
Capabilities {app: /home/ani/Downloads/General..., appPackage: com.androidsample.generalstore, automationName: uiautomator2, databaseEnabled: false, desired: {app: /home/ani/Downloads/General..., appPackage: com.androidsample.generalstore, automationName: uiautomator2, deviceName: emulator-5554, platformName: android, platformVersion: 10}, deviceApiLevel: 29, deviceManufacturer: Google, deviceModel: Android SDK built for x86, deviceName: emulator-5556, deviceScreenDensity: 240, deviceScreenSize: 480x800, deviceUDID: emulator-5556, javascriptEnabled: true, locationContextEnabled: false, networkConnectionEnabled: true, pixelRatio: 1.5, platform: LINUX, platformName: Android, platformVersion: 10, statBarHeight: 36, takesScreenshot: true, viewportRect: {height: 764, left: 0, top: 36, width: 480}, warnings: {}, webStorageEnabled: false}
Session ID: e02ff5e6-b714-4b31-9dc5-386ac5ee3fbc
at org.openqa.selenium.remote.http.W3CHttpResponseCodec.createException(W3CHttpResponseCodec.java:187)
at org.openqa.selenium.remote.http.W3CHttpResponseCodec.decode(W3CHttpResponseCodec.java:122)
at org.openqa.selenium.remote.http.W3CHttpResponseCodec.decode(W3CHttpResponseCodec.java:49)
at org.openqa.selenium.remote.HttpCommandExecutor.execute(HttpCommandExecutor.java:158)
at io.appium.java_client.remote.AppiumCommandExecutor.execute(AppiumCommandExecutor.java:239)
at org.openqa.selenium.remote.RemoteWebDriver.execute(RemoteWebDriver.java:552)
at io.appium.java_client.DefaultGenericMobileDriver.execute(DefaultGenericMobileDriver.java:46)
at io.appium.java_client.AppiumDriver.execute(AppiumDriver.java:1)
at io.appium.java_client.android.AndroidDriver.execute(AndroidDriver.java:1)
at org.openqa.selenium.remote.RemoteWebDriver.getScreenshotAs(RemoteWebDriver.java:295)
at basics.Base.getScreenshot(Base.java:98)
at resources.Listeners.onTestFailure(Listeners.java:15)
at java.base/java.util.ArrayList.forEach(ArrayList.java:1541)
... Removed 28 stack frames]]>
    </failure>
  </testcase> <!-- Login -->
  <testcase classname="Pkg1.GeneralStore" name="toastMsgCheck" time="0.0">
    <ignored/>
  </testcase> <!-- toastMsgCheck -->
</testsuite> <!-- GeneralStore -->
